# JRE version: Java(TM) SE Runtime Environment (8.0_162-b12) (build 1.8.0_162-b12)
# Java VM: Java HotSpot(TM) 64-Bit Server VM (25.162-b12 mixed mode windows-amd64 compressed oops)
Heap:
 PSYoungGen      total 240640K, used 5867K [0x00000000d5d80000, 0x00000000e7d80000, 0x0000000100000000)
  eden space 225792K, 2% used [0x00000000d5d80000,0x00000000d633af20,0x00000000e3a00000)
  from space 14848K, 0% used [0x00000000e6f00000,0x00000000e6f00000,0x00000000e7d80000)
  to   space 16896K, 0% used [0x00000000e5c80000,0x00000000e5c80000,0x00000000e6d00000)
 ParOldGen       total 106496K, used 33939K [0x0000000081800000, 0x0000000088000000, 0x00000000d5d80000)
  object space 106496K, 31% used [0x0000000081800000,0x0000000083924ca0,0x0000000088000000)
 Metaspace       used 34440K, capacity 35478K, committed 35712K, reserved 1081344K
  class space    used 4345K, capacity 4653K, committed 4736K, reserved 1048576K
GC Heap History (10 events):
Event: 31.135 GC heap before
{Heap before GC invocations=6 (full 0):
 PSYoungGen      total 71680K, used 71672K [0x00000000d5d80000, 0x00000000df980000, 0x0000000100000000)
  eden space 66560K, 100% used [0x00000000d5d80000,0x00000000d9e80000,0x00000000d9e80000)
  from space 5120K, 99% used [0x00000000d9e80000,0x00000000da37e030,0x00000000da380000)
  to   space 13312K, 0% used [0x00000000dec80000,0x00000000dec80000,0x00000000df980000)
 ParOldGen       total 87552K, used 16488K [0x0000000081800000, 0x0000000086d80000, 0x00000000d5d80000)
  object space 87552K, 18% used [0x0000000081800000,0x000000008281a2d8,0x0000000086d80000)
 Metaspace       used 17585K, capacity 18068K, committed 18304K, reserved 1064960K
  class space    used 2034K, capacity 2162K, committed 2176K, reserved 1048576K
Event: 31.464 GC heap after
Heap after GC invocations=6 (full 0):
 PSYoungGen      total 145920K, used 10708K [0x00000000d5d80000, 0x00000000dfa80000, 0x0000000100000000)
  eden space 132608K, 0% used [0x00000000d5d80000,0x00000000d5d80000,0x00000000ddf00000)
  from space 13312K, 80% used [0x00000000dec80000,0x00000000df6f50a0,0x00000000df980000)
  to   space 13824K, 0% used [0x00000000ddf00000,0x00000000ddf00000,0x00000000dec80000)
 ParOldGen       total 87552K, used 16488K [0x0000000081800000, 0x0000000086d80000, 0x00000000d5d80000)
  object space 87552K, 18% used [0x0000000081800000,0x000000008281a2d8,0x0000000086d80000)
 Metaspace       used 17585K, capacity 18068K, committed 18304K, reserved 1064960K
  class space    used 2034K, capacity 2162K, committed 2176K, reserved 1048576K
}
Event: 35.962 GC heap before
{Heap before GC invocations=7 (full 0):
 PSYoungGen      total 145920K, used 49401K [0x00000000d5d80000, 0x00000000dfa80000, 0x0000000100000000)
  eden space 132608K, 29% used [0x00000000d5d80000,0x00000000d8349698,0x00000000ddf00000)
  from space 13312K, 80% used [0x00000000dec80000,0x00000000df6f50a0,0x00000000df980000)
  to   space 13824K, 0% used [0x00000000ddf00000,0x00000000ddf00000,0x00000000dec80000)
 ParOldGen       total 87552K, used 16488K [0x0000000081800000, 0x0000000086d80000, 0x00000000d5d80000)
  object space 87552K, 18% used [0x0000000081800000,0x000000008281a2d8,0x0000000086d80000)
 Metaspace       used 20495K, capacity 21122K, committed 21296K, reserved 1069056K
  class space    used 2422K, capacity 2627K, committed 2688K, reserved 1048576K
Event: 36.186 GC heap after
Heap after GC invocations=7 (full 0):
 PSYoungGen      total 146432K, used 12070K [0x00000000d5d80000, 0x00000000e7d80000, 0x0000000100000000)
  eden space 132608K, 0% used [0x00000000d5d80000,0x00000000d5d80000,0x00000000ddf00000)
  from space 13824K, 87% used [0x00000000ddf00000,0x00000000deac9ba8,0x00000000dec80000)
  to   space 14848K, 0% used [0x00000000e6f00000,0x00000000e6f00000,0x00000000e7d80000)
 ParOldGen       total 87552K, used 17250K [0x0000000081800000, 0x0000000086d80000, 0x00000000d5d80000)
  object space 87552K, 19% used [0x0000000081800000,0x00000000828d8af8,0x0000000086d80000)
 Metaspace       used 20495K, capacity 21122K, committed 21296K, reserved 1069056K
  class space    used 2422K, capacity 2627K, committed 2688K, reserved 1048576K
}
Event: 36.186 GC heap before
{Heap before GC invocations=8 (full 1):
 PSYoungGen      total 146432K, used 12070K [0x00000000d5d80000, 0x00000000e7d80000, 0x0000000100000000)
  eden space 132608K, 0% used [0x00000000d5d80000,0x00000000d5d80000,0x00000000ddf00000)
  from space 13824K, 87% used [0x00000000ddf00000,0x00000000deac9ba8,0x00000000dec80000)
  to   space 14848K, 0% used [0x00000000e6f00000,0x00000000e6f00000,0x00000000e7d80000)
 ParOldGen       total 87552K, used 17250K [0x0000000081800000, 0x0000000086d80000, 0x00000000d5d80000)
  object space 87552K, 19% used [0x0000000081800000,0x00000000828d8af8,0x0000000086d80000)
 Metaspace       used 20495K, capacity 21122K, committed 21296K, reserved 1069056K
  class space    used 2422K, capacity 2627K, committed 2688K, reserved 1048576K
Event: 36.996 GC heap after
Heap after GC invocations=8 (full 1):
 PSYoungGen      total 146432K, used 0K [0x00000000d5d80000, 0x00000000e7d80000, 0x0000000100000000)
  eden space 132608K, 0% used [0x00000000d5d80000,0x00000000d5d80000,0x00000000ddf00000)
  from space 13824K, 0% used [0x00000000ddf00000,0x00000000ddf00000,0x00000000dec80000)
  to   space 14848K, 0% used [0x00000000e6f00000,0x00000000e6f00000,0x00000000e7d80000)
 ParOldGen       total 72192K, used 22734K [0x0000000081800000, 0x0000000085e80000, 0x00000000d5d80000)
  object space 72192K, 31% used [0x0000000081800000,0x0000000082e33a90,0x0000000085e80000)
 Metaspace       used 20495K, capacity 21122K, committed 21296K, reserved 1069056K
  class space    used 2422K, capacity 2627K, committed 2688K, reserved 1048576K
}
Event: 47.576 GC heap before
{Heap before GC invocations=9 (full 1):
 PSYoungGen      total 146432K, used 122036K [0x00000000d5d80000, 0x00000000e7d80000, 0x0000000100000000)
  eden space 132608K, 92% used [0x00000000d5d80000,0x00000000dd4ad338,0x00000000ddf00000)
  from space 13824K, 0% used [0x00000000ddf00000,0x00000000ddf00000,0x00000000dec80000)
  to   space 14848K, 0% used [0x00000000e6f00000,0x00000000e6f00000,0x00000000e7d80000)
 ParOldGen       total 72192K, used 22734K [0x0000000081800000, 0x0000000085e80000, 0x00000000d5d80000)
  object space 72192K, 31% used [0x0000000081800000,0x0000000082e33a90,0x0000000085e80000)
 Metaspace       used 34234K, capacity 35250K, committed 35456K, reserved 1079296K
  class space    used 4318K, capacity 4621K, committed 4736K, reserved 1048576K
Event: 47.724 GC heap after
Heap after GC invocations=9 (full 1):
 PSYoungGen      total 240640K, used 14831K [0x00000000d5d80000, 0x00000000e7d80000, 0x0000000100000000)
  eden space 225792K, 0% used [0x00000000d5d80000,0x00000000d5d80000,0x00000000e3a00000)
  from space 14848K, 99% used [0x00000000e6f00000,0x00000000e7d7bc20,0x00000000e7d80000)
  to   space 16896K, 0% used [0x00000000e5c80000,0x00000000e5c80000,0x00000000e6d00000)
 ParOldGen       total 72192K, used 22934K [0x0000000081800000, 0x0000000085e80000, 0x00000000d5d80000)
  object space 72192K, 31% used [0x0000000081800000,0x0000000082e65b10,0x0000000085e80000)
 Metaspace       used 34234K, capacity 35250K, committed 35456K, reserved 1079296K
  class space    used 4318K, capacity 4621K, committed 4736K, reserved 1048576K
}
Event: 47.724 GC heap before
{Heap before GC invocations=10 (full 2):
 PSYoungGen      total 240640K, used 14831K [0x00000000d5d80000, 0x00000000e7d80000, 0x0000000100000000)
  eden space 225792K, 0% used [0x00000000d5d80000,0x00000000d5d80000,0x00000000e3a00000)
  from space 14848K, 99% used [0x00000000e6f00000,0x00000000e7d7bc20,0x00000000e7d80000)
  to   space 16896K, 0% used [0x00000000e5c80000,0x00000000e5c80000,0x00000000e6d00000)
 ParOldGen       total 72192K, used 22934K [0x0000000081800000, 0x0000000085e80000, 0x00000000d5d80000)
  object space 72192K, 31% used [0x0000000081800000,0x0000000082e65b10,0x0000000085e80000)
 Metaspace       used 34234K, capacity 35250K, committed 35456K, reserved 1079296K
  class space    used 4318K, capacity 4621K, committed 4736K, reserved 1048576K
Event: 48.945 GC heap after
Heap after GC invocations=10 (full 2):
 PSYoungGen      total 240640K, used 0K [0x00000000d5d80000, 0x00000000e7d80000, 0x0000000100000000)
  eden space 225792K, 0% used [0x00000000d5d80000,0x00000000d5d80000,0x00000000e3a00000)
  from space 14848K, 0% used [0x00000000e6f00000,0x00000000e6f00000,0x00000000e7d80000)
  to   space 16896K, 0% used [0x00000000e5c80000,0x00000000e5c80000,0x00000000e6d00000)
 ParOldGen       total 106496K, used 33939K [0x0000000081800000, 0x0000000088000000, 0x00000000d5d80000)
  object space 106496K, 31% used [0x0000000081800000,0x0000000083924ca0,0x0000000088000000)
 Metaspace       used 34234K, capacity 35250K, committed 35456K, reserved 1079296K
  class space    used 4318K, capacity 4621K, committed 4736K, reserved 1048576K
}

